<?xml version="1.0" encoding="UTF-8"?>
<testng-results skipped="0" failed="0" ignored="0" total="2" passed="2">
  <reporter-output>
  </reporter-output>
  <suite name="Suite" duration-ms="40641" started-at="2019-11-12T01:40:11Z" finished-at="2019-11-12T01:40:52Z">
    <groups>
    </groups>
    <test name="Test" duration-ms="40641" started-at="2019-11-12T01:40:11Z" finished-at="2019-11-12T01:40:52Z">
      <class name="com.actitime.customerTest.createCustomerWithDesp">
        <test-method status="PASS" signature="configBC()[pri:0, instance:com.actitime.customerTest.createCustomerWithDesp@523884b2]" name="configBC" is-config="true" duration-ms="7506" started-at="2019-11-12T01:40:11Z" finished-at="2019-11-12T01:40:19Z">
          <reporter-output>
          </reporter-output>
        </test-method> <!-- configBC -->
        <test-method status="PASS" signature="configBM()[pri:0, instance:com.actitime.customerTest.createCustomerWithDesp@523884b2]" name="configBM" is-config="true" duration-ms="4308" started-at="2019-11-12T01:40:19Z" finished-at="2019-11-12T01:40:23Z">
          <reporter-output>
          </reporter-output>
        </test-method> <!-- configBM -->
        <test-method status="PASS" signature="createCustomerWithDespTest()[pri:0, instance:com.actitime.customerTest.createCustomerWithDesp@523884b2]" name="createCustomerWithDespTest" duration-ms="3593" started-at="2019-11-12T01:40:23Z" finished-at="2019-11-12T01:40:27Z">
          <reporter-output>
          </reporter-output>
        </test-method> <!-- createCustomerWithDespTest -->
        <test-method status="PASS" signature="configAM()[pri:0, instance:com.actitime.customerTest.createCustomerWithDesp@523884b2]" name="configAM" is-config="true" duration-ms="415" started-at="2019-11-12T01:40:27Z" finished-at="2019-11-12T01:40:27Z">
          <reporter-output>
          </reporter-output>
        </test-method> <!-- configAM -->
        <test-method status="PASS" signature="configAC()[pri:0, instance:com.actitime.customerTest.createCustomerWithDesp@523884b2]" name="configAC" is-config="true" duration-ms="5309" started-at="2019-11-12T01:40:27Z" finished-at="2019-11-12T01:40:32Z">
          <reporter-output>
          </reporter-output>
        </test-method> <!-- configAC -->
      </class> <!-- com.actitime.customerTest.createCustomerWithDesp -->
      <class name="com.actitime.customerTest.createCustomer">
        <test-method status="PASS" signature="configBC()[pri:0, instance:com.actitime.customerTest.createCustomer@5b275dab]" name="configBC" is-config="true" duration-ms="6692" started-at="2019-11-12T01:40:32Z" finished-at="2019-11-12T01:40:39Z">
          <reporter-output>
          </reporter-output>
        </test-method> <!-- configBC -->
        <test-method status="PASS" signature="configBM()[pri:0, instance:com.actitime.customerTest.createCustomer@5b275dab]" name="configBM" is-config="true" duration-ms="4286" started-at="2019-11-12T01:40:39Z" finished-at="2019-11-12T01:40:43Z">
          <reporter-output>
          </reporter-output>
        </test-method> <!-- configBM -->
        <test-method status="PASS" signature="createCustomerTest()[pri:0, instance:com.actitime.customerTest.createCustomer@5b275dab]" name="createCustomerTest" duration-ms="2658" started-at="2019-11-12T01:40:43Z" finished-at="2019-11-12T01:40:46Z">
          <reporter-output>
          </reporter-output>
        </test-method> <!-- createCustomerTest -->
        <test-method status="PASS" signature="configAM()[pri:0, instance:com.actitime.customerTest.createCustomer@5b275dab]" name="configAM" is-config="true" duration-ms="407" started-at="2019-11-12T01:40:46Z" finished-at="2019-11-12T01:40:46Z">
          <reporter-output>
          </reporter-output>
        </test-method> <!-- configAM -->
        <test-method status="PASS" signature="configAC()[pri:0, instance:com.actitime.customerTest.createCustomer@5b275dab]" name="configAC" is-config="true" duration-ms="5434" started-at="2019-11-12T01:40:46Z" finished-at="2019-11-12T01:40:52Z">
          <reporter-output>
          </reporter-output>
        </test-method> <!-- configAC -->
      </class> <!-- com.actitime.customerTest.createCustomer -->
    </test> <!-- Test -->
  </suite> <!-- Suite -->
</testng-results>
